[0m11:14:25.311611 [debug] [MainThread]: Sending event: {'category': 'dbt', 'action': 'invocation', 'label': 'start', 'context': [<snowplow_tracker.self_describing_json.SelfDescribingJson object at 0x7fd86d012440>, <snowplow_tracker.self_describing_json.SelfDescribingJson object at 0x7fd86d5ee740>, <snowplow_tracker.self_describing_json.SelfDescribingJson object at 0x7fd86d5ee6e0>]}


============================== 11:14:25.325191 | a19d62a0-ab5e-41dd-96c2-8700f4320277 ==============================
[0m11:14:25.325191 [info ] [MainThread]: Running with dbt=1.7.7
[0m11:14:25.325712 [debug] [MainThread]: running dbt with arguments {'printer_width': '80', 'indirect_selection': 'eager', 'write_json': 'True', 'log_cache_events': 'False', 'partial_parse': 'True', 'cache_selected_only': 'False', 'profiles_dir': '/home/fhexspoor/.dbt', 'debug': 'False', 'warn_error': 'None', 'log_path': 'logs', 'version_check': 'True', 'fail_fast': 'False', 'use_colors': 'True', 'use_experimental_parser': 'False', 'no_print': 'None', 'quiet': 'False', 'warn_error_options': 'WarnErrorOptions(include=[], exclude=[])', 'invocation_command': 'dbt init jaffle-shop', 'log_format': 'default', 'introspect': 'True', 'target_path': 'None', 'static_parser': 'True', 'send_anonymous_usage_stats': 'True'}
[0m11:14:25.326081 [warn ] [MainThread]: [ConfigFolderDirectory]: Unable to parse dict {'dir': PosixPath('/home/fhexspoor/.dbt')}
[0m11:14:25.326361 [info ] [MainThread]: Creating dbt configuration folder at 
[0m11:14:39.346394 [debug] [MainThread]: Starter project path: /home/fhexspoor/DataOps/.venv/lib/python3.10/site-packages/dbt/include/starter_project
[0m11:14:39.369558 [info ] [MainThread]: 
Your new dbt project "jaffle_shop" was created!

For more information on how to configure the profiles.yml file,
please consult the dbt documentation here:

  https://docs.getdbt.com/docs/configure-your-profile

One more thing:

Need help? Don't hesitate to reach out to us via GitHub issues or on Slack:

  https://community.getdbt.com/

Happy modeling!

[0m11:14:39.371166 [info ] [MainThread]: Setting up your profile.
[0m11:21:32.714798 [info ] [MainThread]: Profile jaffle_shop written to /home/fhexspoor/.dbt/profiles.yml using target's profile_template.yml and your supplied values. Run 'dbt debug' to validate the connection.
[0m11:21:32.728865 [debug] [MainThread]: Resource report: {"command_name": "init", "command_success": true, "command_wall_clock_time": 427.42007, "process_user_time": 1.439255, "process_kernel_time": 0.070222, "process_mem_max_rss": "109688", "process_in_blocks": "120", "process_out_blocks": "88"}
[0m11:21:32.730504 [debug] [MainThread]: Command `dbt init` succeeded at 11:21:32.730091 after 427.42 seconds
[0m11:21:32.731375 [debug] [MainThread]: Sending event: {'category': 'dbt', 'action': 'invocation', 'label': 'end', 'context': [<snowplow_tracker.self_describing_json.SelfDescribingJson object at 0x7fd86d012440>, <snowplow_tracker.self_describing_json.SelfDescribingJson object at 0x7fd869b9dd80>, <snowplow_tracker.self_describing_json.SelfDescribingJson object at 0x7fd869b9ca90>]}
[0m11:21:32.732277 [debug] [MainThread]: Flushing usage events
[0m11:42:33.568108 [debug] [MainThread]: Sending event: {'category': 'dbt', 'action': 'invocation', 'label': 'start', 'context': [<snowplow_tracker.self_describing_json.SelfDescribingJson object at 0x7fe6ae54e530>, <snowplow_tracker.self_describing_json.SelfDescribingJson object at 0x7fe6aec73e80>, <snowplow_tracker.self_describing_json.SelfDescribingJson object at 0x7fe6aec72bc0>]}


============================== 11:42:33.570039 | 671b03c2-5a91-4aed-b6fc-ba366b5c066b ==============================
[0m11:42:33.570039 [info ] [MainThread]: Running with dbt=1.7.7
[0m11:42:33.570437 [debug] [MainThread]: running dbt with arguments {'printer_width': '80', 'indirect_selection': 'eager', 'write_json': 'True', 'log_cache_events': 'False', 'partial_parse': 'True', 'cache_selected_only': 'False', 'profiles_dir': '/home/fhexspoor/.dbt', 'debug': 'False', 'version_check': 'True', 'log_path': 'logs', 'warn_error': 'None', 'fail_fast': 'False', 'use_colors': 'True', 'use_experimental_parser': 'False', 'no_print': 'None', 'quiet': 'False', 'warn_error_options': 'WarnErrorOptions(include=[], exclude=[])', 'static_parser': 'True', 'introspect': 'True', 'invocation_command': 'dbt debug', 'target_path': 'None', 'log_format': 'default', 'send_anonymous_usage_stats': 'True'}
[0m11:42:33.570815 [info ] [MainThread]: dbt version: 1.7.7
[0m11:42:33.571080 [info ] [MainThread]: python version: 3.10.12
[0m11:42:33.571316 [info ] [MainThread]: python path: /home/fhexspoor/DataOps/.venv/bin/python
[0m11:42:33.571544 [info ] [MainThread]: os info: Linux-5.15.133.1-microsoft-standard-WSL2-x86_64-with-glibc2.35
[0m11:42:33.820472 [info ] [MainThread]: Using profiles dir at /home/fhexspoor/.dbt
[0m11:42:33.820911 [info ] [MainThread]: Using profiles.yml file at /home/fhexspoor/.dbt/profiles.yml
[0m11:42:33.821188 [info ] [MainThread]: Using dbt_project.yml file at /home/fhexspoor/DataOps/dbt_project.yml
[0m11:42:33.821568 [info ] [MainThread]: adapter type: bigquery
[0m11:42:33.821826 [info ] [MainThread]: adapter version: 1.7.3
[0m11:42:33.822074 [info ] [MainThread]: Configuration:
[0m11:42:33.822305 [info ] [MainThread]:   profiles.yml file [[32mOK found and valid[0m]
[0m11:42:33.822529 [info ] [MainThread]:   dbt_project.yml file [[31mERROR not found[0m]
[0m11:42:33.822749 [info ] [MainThread]: Required dependencies:
[0m11:42:33.822983 [debug] [MainThread]: Executing "git --help"
[0m11:42:33.835206 [debug] [MainThread]: STDOUT: "b"usage: git [--version] [--help] [-C <path>] [-c <name>=<value>]\n           [--exec-path[=<path>]] [--html-path] [--man-path] [--info-path]\n           [-p | --paginate | -P | --no-pager] [--no-replace-objects] [--bare]\n           [--git-dir=<path>] [--work-tree=<path>] [--namespace=<name>]\n           [--super-prefix=<path>] [--config-env=<name>=<envvar>]\n           <command> [<args>]\n\nThese are common Git commands used in various situations:\n\nstart a working area (see also: git help tutorial)\n   clone     Clone a repository into a new directory\n   init      Create an empty Git repository or reinitialize an existing one\n\nwork on the current change (see also: git help everyday)\n   add       Add file contents to the index\n   mv        Move or rename a file, a directory, or a symlink\n   restore   Restore working tree files\n   rm        Remove files from the working tree and from the index\n\nexamine the history and state (see also: git help revisions)\n   bisect    Use binary search to find the commit that introduced a bug\n   diff      Show changes between commits, commit and working tree, etc\n   grep      Print lines matching a pattern\n   log       Show commit logs\n   show      Show various types of objects\n   status    Show the working tree status\n\ngrow, mark and tweak your common history\n   branch    List, create, or delete branches\n   commit    Record changes to the repository\n   merge     Join two or more development histories together\n   rebase    Reapply commits on top of another base tip\n   reset     Reset current HEAD to the specified state\n   switch    Switch branches\n   tag       Create, list, delete or verify a tag object signed with GPG\n\ncollaborate (see also: git help workflows)\n   fetch     Download objects and refs from another repository\n   pull      Fetch from and integrate with another repository or a local branch\n   push      Update remote refs along with associated objects\n\n'git help -a' and 'git help -g' list available subcommands and some\nconcept guides. See 'git help <command>' or 'git help <concept>'\nto read about a specific subcommand or concept.\nSee 'git help git' for an overview of the system.\n""
[0m11:42:33.835964 [debug] [MainThread]: STDERR: "b''"
[0m11:42:33.836435 [info ] [MainThread]:  - git [[32mOK found[0m]

[0m11:42:33.836938 [info ] [MainThread]: Connection:
[0m11:42:33.837394 [info ] [MainThread]:   method: service-account
[0m11:42:33.837667 [info ] [MainThread]:   database: dbt-test-dataops
[0m11:42:33.837926 [info ] [MainThread]:   execution_project: dbt-test-dataops
[0m11:42:33.838166 [info ] [MainThread]:   schema: jaffle_shop
[0m11:42:33.838388 [info ] [MainThread]:   location: US
[0m11:42:33.838612 [info ] [MainThread]:   priority: interactive
[0m11:42:33.838845 [info ] [MainThread]:   maximum_bytes_billed: None
[0m11:42:33.839069 [info ] [MainThread]:   impersonate_service_account: None
[0m11:42:33.839293 [info ] [MainThread]:   job_retry_deadline_seconds: None
[0m11:42:33.839517 [info ] [MainThread]:   job_retries: 1
[0m11:42:33.839746 [info ] [MainThread]:   job_creation_timeout_seconds: None
[0m11:42:33.840012 [info ] [MainThread]:   job_execution_timeout_seconds: 300
[0m11:42:33.840238 [info ] [MainThread]:   keyfile: /home/fhexspoor/DataOps/jaffle_shop/dbt-test-dataops-2b3a4f26a60c.json
[0m11:42:33.840469 [info ] [MainThread]:   timeout_seconds: 300
[0m11:42:33.840692 [info ] [MainThread]:   refresh_token: None
[0m11:42:33.840928 [info ] [MainThread]:   client_id: None
[0m11:42:33.841145 [info ] [MainThread]:   token_uri: None
[0m11:42:33.841360 [info ] [MainThread]:   dataproc_region: None
[0m11:42:33.841574 [info ] [MainThread]:   dataproc_cluster_name: None
[0m11:42:33.841819 [info ] [MainThread]:   gcs_bucket: None
[0m11:42:33.842055 [info ] [MainThread]:   dataproc_batch: None
[0m11:42:33.842360 [info ] [MainThread]: Registered adapter: bigquery=1.7.3
[0m11:42:33.842876 [debug] [MainThread]: Acquiring new bigquery connection 'debug'
[0m11:42:33.843137 [debug] [MainThread]: Opening a new connection, currently in state init
[0m11:42:33.844426 [debug] [MainThread]: On debug: select 1 as id
[0m11:42:34.806599 [debug] [MainThread]: BigQuery adapter: https://console.cloud.google.com/bigquery?project=dbt-test-dataops&j=bq:US:d18e2ab7-7d4c-4149-a2a1-54c29de2e571&page=queryresults
[0m11:42:35.430444 [info ] [MainThread]:   Connection test: [[32mOK connection ok[0m]

[0m11:42:35.431246 [info ] [MainThread]: [31m1 check failed:[0m
[0m11:42:35.431576 [info ] [MainThread]: Project loading failed for the following reason:
 project path </home/fhexspoor/DataOps/dbt_project.yml> not found

[0m11:42:35.432246 [debug] [MainThread]: Resource report: {"command_name": "debug", "command_wall_clock_time": 1.8940734, "process_user_time": 1.719626, "process_kernel_time": 0.049414, "process_mem_max_rss": "115224", "process_out_blocks": "40", "command_success": false, "process_in_blocks": "0"}
[0m11:42:35.432657 [debug] [MainThread]: Command `dbt debug` failed at 11:42:35.432559 after 1.89 seconds
[0m11:42:35.432917 [debug] [MainThread]: Connection 'debug' was properly closed.
[0m11:42:35.433187 [debug] [MainThread]: Sending event: {'category': 'dbt', 'action': 'invocation', 'label': 'end', 'context': [<snowplow_tracker.self_describing_json.SelfDescribingJson object at 0x7fe6ae54e530>, <snowplow_tracker.self_describing_json.SelfDescribingJson object at 0x7fe6ab156d40>, <snowplow_tracker.self_describing_json.SelfDescribingJson object at 0x7fe6ab156080>]}
[0m11:42:35.433485 [debug] [MainThread]: Flushing usage events
